<?xml version="1.0" encoding="UTF-8"?><testsuite errors="1" failures="0" name="Yo como usuario de rapicredit" skipped="0" tests="2" time="87.77" timestamp="2024-02-05 03:37:11"><testcase name="Autenticación de usuario con credito activo"><error message="no such element: Unable to locate element: {&quot;method&quot;:&quot;xpath&quot;,&quot;selector&quot;:&quot;/html/body/app-root/div/app-header/mat-toolbar/div/div/div[1]/div/span&quot;}&#10;  (Session info: chrome=121.0.6167.140)&#10;For documentation on this error, please visit: https://www.seleniumhq.org/exceptions/no_such_element.html&#10;Build info: version: '3.141.59', revision: 'e82be7d358', time: '2018-11-14T08:17:03'&#10;System info: host: 'PSOFKA0887', ip: '192.168.0.106', os.name: 'Windows 11', os.arch: 'amd64', os.version: '10.0', java.version: '1.8.0_342'&#10;Driver info: org.openqa.selenium.chrome.ChromeDriver&#10;Capabilities {acceptInsecureCerts: false, browserName: chrome, browserVersion: 121.0.6167.140, chrome: {chromedriverVersion: 120.0.6099.71 (9729082fe617..., userDataDir: C:\Users\ROBERT~1.ARO\AppDa...}, fedcm:accounts: true, goog:chromeOptions: {debuggerAddress: localhost:60581}, javascriptEnabled: true, networkConnectionEnabled: false, pageLoadStrategy: normal, platform: WINDOWS, platformName: WINDOWS, proxy: Proxy(), setWindowRect: true, strictFileInteractability: false, timeouts: {implicit: 0, pageLoad: 300000, script: 30000}, unhandledPromptBehavior: dismiss and notify, webauthn:extension:credBlob: true, webauthn:extension:largeBlob: true, webauthn:extension:minPinLength: true, webauthn:extension:prf: true, webauthn:virtualAuthenticators: true}&#10;Session ID: e47b0c5cdbedd965e6597dd9afd2d288&#10;*** Element info: {Using=xpath, value=/html/body/app-root/div/app-header/mat-toolbar/div/div/div[1]/div/span}" type="java.lang.AssertionError">no such element: Unable to locate element: {"method":"xpath","selector":"/html/body/app-root/div/app-header/mat-toolbar/div/div/div[1]/div/span"}
  (Session info: chrome=121.0.6167.140)
For documentation on this error, please visit: https://www.seleniumhq.org/exceptions/no_such_element.html
Build info: version: '3.141.59', revision: 'e82be7d358', time: '2018-11-14T08:17:03'
System info: host: 'PSOFKA0887', ip: '192.168.0.106', os.name: 'Windows 11', os.arch: 'amd64', os.version: '10.0', java.version: '1.8.0_342'
Driver info: org.openqa.selenium.chrome.ChromeDriver
Capabilities {acceptInsecureCerts: false, browserName: chrome, browserVersion: 121.0.6167.140, chrome: {chromedriverVersion: 120.0.6099.71 (9729082fe617..., userDataDir: C:\Users\ROBERT~1.ARO\AppDa...}, fedcm:accounts: true, goog:chromeOptions: {debuggerAddress: localhost:60581}, javascriptEnabled: true, networkConnectionEnabled: false, pageLoadStrategy: normal, platform: WINDOWS, platformName: WINDOWS, proxy: Proxy(), setWindowRect: true, strictFileInteractability: false, timeouts: {implicit: 0, pageLoad: 300000, script: 30000}, unhandledPromptBehavior: dismiss and notify, webauthn:extension:credBlob: true, webauthn:extension:largeBlob: true, webauthn:extension:minPinLength: true, webauthn:extension:prf: true, webauthn:virtualAuthenticators: true}
Session ID: e47b0c5cdbedd965e6597dd9afd2d288
*** Element info: {Using=xpath, value=/html/body/app-root/div/app-header/mat-toolbar/div/div/div[1]/div/span}</error><system-err>no such element: Unable to locate element: {"method":"xpath","selector":"/html/body/app-root/div/app-header/mat-toolbar/div/div/div[1]/div/span"}
  (Session info: chrome=121.0.6167.140)
For documentation on this error, please visit: https://www.seleniumhq.org/exceptions/no_such_element.html
Build info: version: '3.141.59', revision: 'e82be7d358', time: '2018-11-14T08:17:03'
System info: host: 'PSOFKA0887', ip: '192.168.0.106', os.name: 'Windows 11', os.arch: 'amd64', os.version: '10.0', java.version: '1.8.0_342'
Driver info: org.openqa.selenium.chrome.ChromeDriver
Capabilities {acceptInsecureCerts: false, browserName: chrome, browserVersion: 121.0.6167.140, chrome: {chromedriverVersion: 120.0.6099.71 (9729082fe617..., userDataDir: C:\Users\ROBERT~1.ARO\AppDa...}, fedcm:accounts: true, goog:chromeOptions: {debuggerAddress: localhost:60581}, javascriptEnabled: true, networkConnectionEnabled: false, pageLoadStrategy: normal, platform: WINDOWS, platformName: WINDOWS, proxy: Proxy(), setWindowRect: true, strictFileInteractability: false, timeouts: {implicit: 0, pageLoad: 300000, script: 30000}, unhandledPromptBehavior: dismiss and notify, webauthn:extension:credBlob: true, webauthn:extension:largeBlob: true, webauthn:extension:minPinLength: true, webauthn:extension:prf: true, webauthn:virtualAuthenticators: true}
Session ID: e47b0c5cdbedd965e6597dd9afd2d288
*** Element info: {Using=xpath, value=/html/body/app-root/div/app-header/mat-toolbar/div/div/div[1]/div/span}&#13;
co.com.rapicredit.stepDefinitions.login.LoginStepDefinitions.el_usuario_de_debe_loguear_exitosamente(LoginStepDefinitions.java:44)&#13;
✽.el usuario de debe loguear exitosamente(file:///C:/Users/robert.aroca/IdeaProjects/co.com.Rapicredit/src/test/resources/features/login/login.feature:11)&#13;
</system-err></testcase><testcase name="Autenticación fallida de usuario con credito activo"/></testsuite>